{
  "RSpec": {
    "coverage": {
      "D:/Develop/Ruby on Rails/railsHoursAccounting/spec/views/companies/edit.html.erb_spec.rb": [
        1,
        null,
        1,
        1,
        1,
        null,
        null,
        1,
        0,
        null,
        0,
        null,
        null,
        null
      ],
      "D:/Develop/Ruby on Rails/railsHoursAccounting/spec/rails_helper.rb": [
        null,
        1,
        1,
        null,
        1,
        1,
        1,
        1,
        null,
        1,
        null,
        null,
        null,
        null,
        null,
        null,
        null,
        null,
        null,
        null,
        null,
        null,
        null,
        null,
        null,
        2,
        null,
        null,
        null,
        1,
        null,
        1,
        null,
        1,
        null,
        null,
        null,
        null,
        1,
        null,
        null,
        null,
        null,
        null,
        null,
        null,
        null,
        null,
        null,
        null,
        null,
        null,
        null,
        1,
        null,
        null,
        1,
        null,
        null,
        null,
        1,
        1,
        null,
        1,
        16,
        null,
        1,
        16,
        null,
        null
      ],
      "D:/Develop/Ruby on Rails/railsHoursAccounting/config/environment.rb": [
        null,
        1,
        null,
        null,
        1
      ],
      "D:/Develop/Ruby on Rails/railsHoursAccounting/config/application.rb": [
        1,
        null,
        1,
        null,
        null,
        null,
        1,
        null,
        1,
        1,
        null,
        null,
        null,
        null,
        null
      ],
      "D:/Develop/Ruby on Rails/railsHoursAccounting/config/boot.rb": [
        1,
        null,
        1
      ],
      "D:/Develop/Ruby on Rails/railsHoursAccounting/config/environments/test.rb": [
        1,
        null,
        null,
        null,
        null,
        null,
        null,
        1,
        null,
        null,
        null,
        null,
        1,
        null,
        null,
        1,
        1,
        null,
        null,
        null,
        null,
        1,
        1,
        null,
        null,
        1,
        null,
        null,
        1,
        1,
        null,
        null,
        null,
        null,
        1,
        null,
        null,
        1,
        null,
        null,
        null,
        null
      ],
      "D:/Develop/Ruby on Rails/railsHoursAccounting/config/initializers/application_controller_renderer.rb": [
        null,
        null,
        null,
        null,
        null,
        null
      ],
      "D:/Develop/Ruby on Rails/railsHoursAccounting/config/initializers/assets.rb": [
        null,
        null,
        null,
        1,
        null,
        null,
        null,
        null,
        null,
        null,
        null
      ],
      "D:/Develop/Ruby on Rails/railsHoursAccounting/config/initializers/backtrace_silencers.rb": [
        null,
        null,
        null,
        null,
        null,
        null,
        null
      ],
      "D:/Develop/Ruby on Rails/railsHoursAccounting/config/initializers/cookies_serializer.rb": [
        null,
        null,
        null,
        null,
        1
      ],
      "D:/Develop/Ruby on Rails/railsHoursAccounting/config/initializers/devise.rb": [
        null,
        null,
        1,
        null,
        null,
        null,
        null,
        null,
        null,
        null,
        null,
        null,
        null,
        null,
        1,
        null,
        null,
        null,
        null,
        null,
        null,
        null,
        null,
        null,
        null,
        null,
        1,
        null,
        null,
        null,
        null,
        null,
        null,
        null,
        null,
        null,
        null,
        null,
        null,
        null,
        null,
        null,
        null,
        null,
        null,
        null,
        null,
        null,
        1,
        null,
        null,
        null,
        null,
        1,
        null,
        null,
        null,
        null,
        null,
        null,
        null,
        null,
        null,
        null,
        null,
        null,
        null,
        null,
        null,
        null,
        null,
        null,
        null,
        null,
        null,
        null,
        null,
        null,
        null,
        null,
        null,
        null,
        null,
        null,
        1,
        null,
        null,
        null,
        null,
        null,
        null,
        null,
        null,
        null,
        null,
        null,
        null,
        null,
        null,
        null,
        null,
        null,
        null,
        null,
        null,
        null,
        null,
        1,
        null,
        null,
        null,
        null,
        null,
        null,
        null,
        null,
        null,
        null,
        null,
        null,
        null,
        null,
        null,
        null,
        null,
        null,
        null,
        null,
        null,
        null,
        null,
        null,
        null,
        null,
        null,
        1,
        null,
        null,
        null,
        null,
        null,
        null,
        null,
        null,
        null,
        1,
        null,
        null,
        null,
        null,
        null,
        null,
        null,
        null,
        null,
        null,
        1,
        null,
        null,
        null,
        null,
        1,
        null,
        null,
        null,
        null,
        null,
        null,
        null,
        null,
        null,
        null,
        null,
        null,
        null,
        null,
        null,
        null,
        null,
        null,
        null,
        null,
        null,
        null,
        null,
        null,
        null,
        null,
        null,
        null,
        null,
        null,
        null,
        null,
        null,
        null,
        null,
        null,
        null,
        null,
        null,
        null,
        1,
        null,
        null,
        null,
        null,
        null,
        null,
        null,
        null,
        null,
        null,
        null,
        null,
        null,
        null,
        null,
        null,
        null,
        null,
        null,
        null,
        null,
        null,
        null,
        null,
        null,
        null,
        null,
        null,
        null,
        null,
        null,
        null,
        null,
        null,
        null,
        null,
        null,
        null,
        null,
        null,
        null,
        1,
        null,
        null,
        null,
        null,
        null,
        null,
        null,
        null,
        null,
        null,
        null,
        null,
        null,
        null,
        null,
        null,
        null,
        null,
        null,
        null,
        null,
        null,
        null,
        null,
        null,
        null,
        null,
        null,
        null
      ],
      "D:/Develop/Ruby on Rails/railsHoursAccounting/config/initializers/filter_parameter_logging.rb": [
        null,
        null,
        null,
        1
      ],
      "D:/Develop/Ruby on Rails/railsHoursAccounting/config/initializers/inflections.rb": [
        null,
        null,
        null,
        null,
        null,
        null,
        null,
        null,
        null,
        null,
        null,
        null,
        null,
        null,
        null,
        null
      ],
      "D:/Develop/Ruby on Rails/railsHoursAccounting/config/initializers/mime_types.rb": [
        null,
        null,
        null,
        null,
        null,
        1
      ],
      "D:/Develop/Ruby on Rails/railsHoursAccounting/config/initializers/new_framework_defaults.rb": [
        null,
        null,
        null,
        null,
        null,
        null,
        null,
        1,
        null,
        null,
        1,
        null,
        null,
        null,
        1,
        null,
        null,
        1,
        null,
        null,
        1,
        null,
        null,
        1
      ],
      "D:/Develop/Ruby on Rails/railsHoursAccounting/config/initializers/session_store.rb": [
        null,
        null,
        1
      ],
      "D:/Develop/Ruby on Rails/railsHoursAccounting/config/initializers/wrap_parameters.rb": [
        null,
        null,
        null,
        null,
        null,
        null,
        1,
        2,
        null,
        null,
        null,
        null,
        null,
        null
      ],
      "D:/Develop/Ruby on Rails/railsHoursAccounting/config/routes.rb": [
        1,
        1,
        1,
        1,
        1,
        null,
        1,
        1,
        1,
        1,
        null
      ],
      "D:/Develop/Ruby on Rails/railsHoursAccounting/app/models/user.rb": [
        1,
        null,
        null,
        1,
        null,
        null,
        1,
        1,
        1,
        null
      ],
      "D:/Develop/Ruby on Rails/railsHoursAccounting/app/models/application_record.rb": [
        1,
        1,
        null
      ],
      "D:/Develop/Ruby on Rails/railsHoursAccounting/app/helpers/application_helper.rb": [
        1,
        null
      ],
      "D:/Develop/Ruby on Rails/railsHoursAccounting/app/helpers/companies_helper.rb": [
        1,
        null
      ],
      "D:/Develop/Ruby on Rails/railsHoursAccounting/app/helpers/pages_helper.rb": [
        1,
        null
      ],
      "D:/Develop/Ruby on Rails/railsHoursAccounting/app/helpers/projects_helper.rb": [
        1,
        null
      ],
      "D:/Develop/Ruby on Rails/railsHoursAccounting/app/helpers/workdays_helper.rb": [
        1,
        null
      ],
      "D:/Develop/Ruby on Rails/railsHoursAccounting/spec/support/factory_girl.rb": [
        null,
        null,
        1,
        1,
        null,
        1
      ],
      "D:/Develop/Ruby on Rails/railsHoursAccounting/spec/factories/company.rb": [
        1,
        1,
        1,
        1,
        null,
        null
      ],
      "D:/Develop/Ruby on Rails/railsHoursAccounting/app/models/company.rb": [
        1,
        1,
        1,
        1,
        null
      ],
      "D:/Develop/Ruby on Rails/railsHoursAccounting/spec/factories/project.rb": [
        1,
        1,
        1,
        1,
        null,
        null
      ],
      "D:/Develop/Ruby on Rails/railsHoursAccounting/app/models/project.rb": [
        1,
        1,
        null,
        1,
        null
      ],
      "D:/Develop/Ruby on Rails/railsHoursAccounting/spec/factories/user.rb": [

      ],
      "D:/Develop/Ruby on Rails/railsHoursAccounting/spec/factories/workday.rb": [
        1,
        1,
        null,
        null,
        null,
        null,
        null
      ],
      "D:/Develop/Ruby on Rails/railsHoursAccounting/app/models/workday.rb": [
        1,
        1,
        null,
        1,
        1,
        1,
        null
      ],
      "D:/Develop/Ruby on Rails/railsHoursAccounting/spec/views/companies/index.html.erb_spec.rb": [
        1,
        null,
        1,
        1,
        1,
        null,
        null,
        null,
        null,
        null,
        1,
        0,
        null,
        null
      ],
      "D:/Develop/Ruby on Rails/railsHoursAccounting/spec/views/companies/new.html.erb_spec.rb": [
        1,
        null,
        1,
        1,
        1,
        null,
        null,
        1,
        1,
        null,
        1,
        null,
        null,
        null
      ],
      "D:/Develop/Ruby on Rails/railsHoursAccounting/spec/views/companies/show.html.erb_spec.rb": [
        1,
        null,
        1,
        1,
        1,
        null,
        null,
        1,
        0,
        null,
        null
      ],
      "D:/Develop/Ruby on Rails/railsHoursAccounting/spec/views/pages/edit.html.erb_spec.rb": [
        1,
        null,
        1,
        1,
        1,
        null,
        null,
        1,
        0,
        null,
        0,
        null,
        null,
        null
      ],
      "D:/Develop/Ruby on Rails/railsHoursAccounting/spec/views/pages/index.html.erb_spec.rb": [
        1,
        null,
        1,
        1,
        1,
        null,
        null,
        null,
        null,
        null,
        1,
        0,
        null,
        null
      ],
      "D:/Develop/Ruby on Rails/railsHoursAccounting/spec/views/pages/new.html.erb_spec.rb": [
        1,
        null,
        1,
        1,
        1,
        null,
        null,
        1,
        0,
        null,
        0,
        null,
        null,
        null
      ],
      "D:/Develop/Ruby on Rails/railsHoursAccounting/spec/views/pages/show.html.erb_spec.rb": [
        1,
        null,
        1,
        1,
        1,
        null,
        null,
        1,
        0,
        null,
        null
      ],
      "D:/Develop/Ruby on Rails/railsHoursAccounting/spec/views/projects/edit.html.erb_spec.rb": [
        1,
        null,
        1,
        1,
        1,
        null,
        null,
        1,
        0,
        null,
        0,
        null,
        null,
        null
      ],
      "D:/Develop/Ruby on Rails/railsHoursAccounting/spec/views/projects/index.html.erb_spec.rb": [
        1,
        null,
        1,
        1,
        1,
        null,
        null,
        null,
        null,
        null,
        1,
        0,
        null,
        null
      ],
      "D:/Develop/Ruby on Rails/railsHoursAccounting/spec/views/projects/new.html.erb_spec.rb": [
        1,
        null,
        1,
        1,
        1,
        null,
        null,
        1,
        1,
        null,
        0,
        null,
        null,
        null
      ],
      "D:/Develop/Ruby on Rails/railsHoursAccounting/spec/views/projects/show.html.erb_spec.rb": [
        1,
        null,
        1,
        1,
        1,
        null,
        null,
        1,
        0,
        null,
        null
      ],
      "D:/Develop/Ruby on Rails/railsHoursAccounting/spec/views/workdays/edit.html.erb_spec.rb": [
        1,
        null,
        1,
        1,
        1,
        null,
        null,
        1,
        0,
        null,
        0,
        null,
        null,
        null
      ],
      "D:/Develop/Ruby on Rails/railsHoursAccounting/spec/views/workdays/index.html.erb_spec.rb": [
        1,
        null,
        1,
        1,
        1,
        null,
        null,
        null,
        null,
        null,
        1,
        0,
        null,
        null
      ],
      "D:/Develop/Ruby on Rails/railsHoursAccounting/spec/views/workdays/new.html.erb_spec.rb": [
        1,
        null,
        1,
        1,
        1,
        null,
        null,
        1,
        1,
        null,
        0,
        null,
        null,
        null
      ],
      "D:/Develop/Ruby on Rails/railsHoursAccounting/spec/views/workdays/show.html.erb_spec.rb": [
        1,
        null,
        1,
        1,
        1,
        null,
        null,
        1,
        0,
        null,
        null
      ]
    },
    "timestamp": 1481663215
  }
}
